  КГ4.cpp
D:\Универ\Проограммирование\Компьютерная графика\КГ4\КГ4\pyramid.cpp(61,26): warning C4244: аргумент: преобразование "double" в "int", возможна потеря данных
D:\Универ\Проограммирование\Компьютерная графика\КГ4\КГ4\pyramid.cpp(61,20): warning C4244: аргумент: преобразование "double" в "int", возможна потеря данных
D:\Универ\Проограммирование\Компьютерная графика\КГ4\КГ4\pyramid.cpp(61,14): warning C4244: аргумент: преобразование "double" в "int", возможна потеря данных
D:\Универ\Проограммирование\Компьютерная графика\КГ4\КГ4\pyramid.cpp(61,8): warning C4244: аргумент: преобразование "double" в "int", возможна потеря данных
D:\Универ\Проограммирование\Компьютерная графика\КГ4\КГ4\pyramid.cpp(62,26): warning C4244: аргумент: преобразование "double" в "int", возможна потеря данных
D:\Универ\Проограммирование\Компьютерная графика\КГ4\КГ4\pyramid.cpp(62,20): warning C4244: аргумент: преобразование "double" в "int", возможна потеря данных
D:\Универ\Проограммирование\Компьютерная графика\КГ4\КГ4\pyramid.cpp(62,14): warning C4244: аргумент: преобразование "double" в "int", возможна потеря данных
D:\Универ\Проограммирование\Компьютерная графика\КГ4\КГ4\pyramid.cpp(62,8): warning C4244: аргумент: преобразование "double" в "int", возможна потеря данных
D:\Универ\Проограммирование\Компьютерная графика\КГ4\КГ4\pyramid.cpp(63,26): warning C4244: аргумент: преобразование "double" в "int", возможна потеря данных
D:\Универ\Проограммирование\Компьютерная графика\КГ4\КГ4\pyramid.cpp(63,20): warning C4244: аргумент: преобразование "double" в "int", возможна потеря данных
D:\Универ\Проограммирование\Компьютерная графика\КГ4\КГ4\pyramid.cpp(63,14): warning C4244: аргумент: преобразование "double" в "int", возможна потеря данных
D:\Универ\Проограммирование\Компьютерная графика\КГ4\КГ4\pyramid.cpp(63,8): warning C4244: аргумент: преобразование "double" в "int", возможна потеря данных
D:\Универ\Проограммирование\Компьютерная графика\КГ4\КГ4\pyramid.cpp(64,26): warning C4244: аргумент: преобразование "double" в "int", возможна потеря данных
D:\Универ\Проограммирование\Компьютерная графика\КГ4\КГ4\pyramid.cpp(64,20): warning C4244: аргумент: преобразование "double" в "int", возможна потеря данных
D:\Универ\Проограммирование\Компьютерная графика\КГ4\КГ4\pyramid.cpp(64,14): warning C4244: аргумент: преобразование "double" в "int", возможна потеря данных
D:\Универ\Проограммирование\Компьютерная графика\КГ4\КГ4\pyramid.cpp(64,8): warning C4244: аргумент: преобразование "double" в "int", возможна потеря данных
D:\Универ\Проограммирование\Компьютерная графика\КГ4\КГ4\pyramid.cpp(65,26): warning C4244: аргумент: преобразование "double" в "int", возможна потеря данных
D:\Универ\Проограммирование\Компьютерная графика\КГ4\КГ4\pyramid.cpp(65,20): warning C4244: аргумент: преобразование "double" в "int", возможна потеря данных
D:\Универ\Проограммирование\Компьютерная графика\КГ4\КГ4\pyramid.cpp(65,14): warning C4244: аргумент: преобразование "double" в "int", возможна потеря данных
D:\Универ\Проограммирование\Компьютерная графика\КГ4\КГ4\pyramid.cpp(65,8): warning C4244: аргумент: преобразование "double" в "int", возможна потеря данных
D:\Универ\Проограммирование\Компьютерная графика\КГ4\КГ4\pyramid.cpp(66,26): warning C4244: аргумент: преобразование "double" в "int", возможна потеря данных
D:\Универ\Проограммирование\Компьютерная графика\КГ4\КГ4\pyramid.cpp(66,20): warning C4244: аргумент: преобразование "double" в "int", возможна потеря данных
D:\Универ\Проограммирование\Компьютерная графика\КГ4\КГ4\pyramid.cpp(66,14): warning C4244: аргумент: преобразование "double" в "int", возможна потеря данных
D:\Универ\Проограммирование\Компьютерная графика\КГ4\КГ4\pyramid.cpp(66,8): warning C4244: аргумент: преобразование "double" в "int", возможна потеря данных
D:\Универ\Проограммирование\Компьютерная графика\КГ4\КГ4\libOfFunctions.cpp(288,20): warning C4305: аргумент: усечение из "double" в "float"
D:\Универ\Проограммирование\Компьютерная графика\КГ4\КГ4\libOfFunctions.cpp(291,21): warning C4305: аргумент: усечение из "double" в "float"
D:\Универ\Проограммирование\Компьютерная графика\КГ4\КГ4\libOfFunctions.cpp(308,21): warning C4305: аргумент: усечение из "double" в "float"
D:\Универ\Проограммирование\Компьютерная графика\КГ4\КГ4\libOfFunctions.cpp(311,21): warning C4305: аргумент: усечение из "double" в "float"
D:\Универ\Проограммирование\Компьютерная графика\КГ4\КГ4\libOfFunctions.cpp(314,25): warning C4305: аргумент: усечение из "double" в "float"
D:\Универ\Проограммирование\Компьютерная графика\КГ4\КГ4\КГ4.cpp(18,15): warning C4244: аргумент: преобразование "time_t" в "unsigned int", возможна потеря данных
D:\Универ\Проограммирование\Компьютерная графика\КГ4\КГ4\КГ4.cpp(29,47): warning C4805: ==: небезопасное смешение типа "boolean" и типа "bool" в операции
  КГ4.vcxproj -> D:\Универ\Проограммирование\Компьютерная графика\КГ4\Debug\КГ4.exe
